[0512/105050.076:ERROR:process_reader_win.cc(142)] SuspendThread: 拒绝访问。 (0x5)
[0512/105050.077:ERROR:exception_snapshot_win.cc(87)] thread ID 16012 not found in process
[0512/105050.077:WARNING:crash_report_exception_handler.cc(60)] ProcessSnapshotWin::Initialize failed
[0512/105050.077:ERROR:scoped_process_suspend.cc(38)] NtResumeProcess: 已尝试访问正在退出的过程。  (0xc000010a)
[0512/151541.278:ERROR:process_reader_win.cc(233)] ReadMemory at 0x59d90000 of 64 bytes failed: 仅完成部分的 ReadProcessMemory 或 WriteProcessMemory 请求。 (0x12B)
[0512/151541.278:WARNING:pe_image_reader.cc(281)] could not read dos header from C:\WINDOWS\AppPatch\AcGenral.dll
[0512/151541.278:ERROR:process_reader_win.cc(233)] ReadMemory at 0x6da90000 of 64 bytes failed: 仅完成部分的 ReadProcessMemory 或 WriteProcessMemory 请求。 (0x12B)
[0512/151541.278:WARNING:pe_image_reader.cc(281)] could not read dos header from C:\WINDOWS\system32\apphelp.dll
[0512/151541.279:ERROR:process_reader_win.cc(233)] ReadMemory at 0x6f7c0000 of 64 bytes failed: 仅完成部分的 ReadProcessMemory 或 WriteProcessMemory 请求。 (0x12B)
[0512/151541.279:WARNING:pe_image_reader.cc(281)] could not read dos header from C:\WINDOWS\SYSTEM32\UxTheme.dll
[0512/151541.279:ERROR:process_reader_win.cc(233)] ReadMemory at 0x74100000 of 64 bytes failed: 仅完成部分的 ReadProcessMemory 或 WriteProcessMemory 请求。 (0x12B)
[0512/151541.279:WARNING:pe_image_reader.cc(281)] could not read dos header from C:\WINDOWS\SYSTEM32\WINMMBASE.dll
[0512/151541.279:ERROR:process_reader_win.cc(233)] ReadMemory at 0x74130000 of 64 bytes failed: 仅完成部分的 ReadProcessMemory 或 WriteProcessMemory 请求。 (0x12B)
[0512/151541.279:WARNING:pe_image_reader.cc(281)] could not read dos header from C:\WINDOWS\SYSTEM32\WINMM.dll
[0512/151541.279:ERROR:process_reader_win.cc(233)] ReadMemory at 0x74000000 of 64 bytes failed: 仅完成部分的 ReadProcessMemory 或 WriteProcessMemory 请求。 (0x12B)
[0512/151541.279:WARNING:pe_image_reader.cc(281)] could not read dos header from C:\WINDOWS\SYSTEM32\samcli.dll
[0512/151541.279:ERROR:process_reader_win.cc(233)] ReadMemory at 0x6f5f0000 of 64 bytes failed: 仅完成部分的 ReadProcessMemory 或 WriteProcessMemory 请求。 (0x12B)
[0512/151541.279:WARNING:pe_image_reader.cc(281)] could not read dos header from C:\WINDOWS\SYSTEM32\MSACM32.dll
[0512/151541.279:ERROR:process_reader_win.cc(233)] ReadMemory at 0x6e190000 of 64 bytes failed: 仅完成部分的 ReadProcessMemory 或 WriteProcessMemory 请求。 (0x12B)
[0512/151541.279:WARNING:pe_image_reader.cc(281)] could not read dos header from C:\WINDOWS\SYSTEM32\dwmapi.dll
[0512/151541.279:ERROR:process_reader_win.cc(233)] ReadMemory at 0x70af0000 of 64 bytes failed: 仅完成部分的 ReadProcessMemory 或 WriteProcessMemory 请求。 (0x12B)
[0512/151541.279:WARNING:pe_image_reader.cc(281)] could not read dos header from C:\WINDOWS\SYSTEM32\iertutil.dll
[0512/151541.279:ERROR:process_reader_win.cc(233)] ReadMemory at 0x701e0000 of 64 bytes failed: 仅完成部分的 ReadProcessMemory 或 WriteProcessMemory 请求。 (0x12B)
[0512/151541.279:WARNING:pe_image_reader.cc(281)] could not read dos header from C:\WINDOWS\SYSTEM32\urlmon.dll
[0512/151541.279:ERROR:process_reader_win.cc(233)] ReadMemory at 0x73810000 of 64 bytes failed: 仅完成部分的 ReadProcessMemory 或 WriteProcessMemory 请求。 (0x12B)
[0512/151541.279:WARNING:pe_image_reader.cc(281)] could not read dos header from C:\WINDOWS\SYSTEM32\bcrypt.dll
[0512/151541.279:ERROR:process_reader_win.cc(233)] ReadMemory at 0x72020000 of 64 bytes failed: 仅完成部分的 ReadProcessMemory 或 WriteProcessMemory 请求。 (0x12B)
[0512/151541.279:WARNING:pe_image_reader.cc(281)] could not read dos header from C:\WINDOWS\SYSTEM32\WINSPOOL.DRV
[0512/151541.279:ERROR:process_reader_win.cc(233)] ReadMemory at 0x712e0000 of 64 bytes failed: 仅完成部分的 ReadProcessMemory 或 WriteProcessMemory 请求。 (0x12B)
[0512/151541.279:WARNING:pe_image_reader.cc(281)] could not read dos header from C:\WINDOWS\SYSTEM32\MPR.dll
[0512/151541.279:ERROR:process_reader_win.cc(233)] ReadMemory at 0x5a140000 of 64 bytes failed: 仅完成部分的 ReadProcessMemory 或 WriteProcessMemory 请求。 (0x12B)
[0512/151541.279:WARNING:pe_image_reader.cc(281)] could not read dos header from C:\Program Files (x86)\Google\Chrome\Application\57.0.2987.133\chrome_elf.dll
[0512/151541.279:ERROR:process_reader_win.cc(233)] ReadMemory at 0x74f40000 of 64 bytes failed: 仅完成部分的 ReadProcessMemory 或 WriteProcessMemory 请求。 (0x12B)
[0512/151541.279:WARNING:pe_image_reader.cc(281)] could not read dos header from C:\WINDOWS\System32\PSAPI.DLL
[0512/151541.279:ERROR:process_reader_win.cc(233)] ReadMemory at 0x71240000 of 64 bytes failed: 仅完成部分的 ReadProcessMemory 或 WriteProcessMemory 请求。 (0x12B)
[0512/151541.279:WARNING:pe_image_reader.cc(281)] could not read dos header from C:\WINDOWS\SYSTEM32\WINHTTP.dll
[0512/151541.279:ERROR:process_reader_win.cc(233)] ReadMemory at 0x5a0f0000 of 64 bytes failed: 仅完成部分的 ReadProcessMemory 或 WriteProcessMemory 请求。 (0x12B)
[0512/151541.279:WARNING:pe_image_reader.cc(281)] could not read dos header from C:\WINDOWS\SYSTEM32\ninput.dll
[0512/151541.279:ERROR:process_reader_win.cc(233)] ReadMemory at 0x745d0000 of 64 bytes failed: 仅完成部分的 ReadProcessMemory 或 WriteProcessMemory 请求。 (0x12B)
[0512/151541.279:WARNING:pe_image_reader.cc(281)] could not read dos header from C:\WINDOWS\System32\WS2_32.dll
[0512/151541.280:ERROR:process_reader_win.cc(233)] ReadMemory at 0x74400000 of 64 bytes failed: 仅完成部分的 ReadProcessMemory 或 WriteProcessMemory 请求。 (0x12B)
[0512/151541.280:WARNING:pe_image_reader.cc(281)] could not read dos header from C:\WINDOWS\SYSTEM32\NETAPI32.dll
[0512/151541.280:ERROR:process_reader_win.cc(233)] ReadMemory at 0x70380000 of 64 bytes failed: 仅完成部分的 ReadProcessMemory 或 WriteProcessMemory 请求。 (0x12B)
[0512/151541.280:WARNING:pe_image_reader.cc(281)] could not read dos header from C:\WINDOWS\SYSTEM32\WKSCLI.DLL
[0512/151541.280:ERROR:process_reader_win.cc(233)] ReadMemory at 0x73ff0000 of 64 bytes failed: 仅完成部分的 ReadProcessMemory 或 WriteProcessMemory 请求。 (0x12B)
[0512/151541.280:WARNING:pe_image_reader.cc(281)] could not read dos header from C:\WINDOWS\SYSTEM32\NETUTILS.DLL
[0512/151541.280:ERROR:process_reader_win.cc(233)] ReadMemory at 0x6dc50000 of 64 bytes failed: 仅完成部分的 ReadProcessMemory 或 WriteProcessMemory 请求。 (0x12B)
[0512/151541.280:WARNING:pe_image_reader.cc(281)] could not read dos header from C:\Program Files (x86)\360\360Safe\safemon\safemon.dll
[0512/151541.280:ERROR:process_reader_win.cc(233)] ReadMemory at 0x5e4e0000 of 64 bytes failed: 仅完成部分的 ReadProcessMemory 或 WriteProcessMemory 请求。 (0x12B)
[0512/151541.280:WARNING:pe_image_reader.cc(281)] could not read dos header from C:\Program Files (x86)\360\360Safe\safemon\iNetSafe.dll
[0512/151541.280:ERROR:process_reader_win.cc(233)] ReadMemory at 0x73830000 of 64 bytes failed: 仅完成部分的 ReadProcessMemory 或 WriteProcessMemory 请求。 (0x12B)
[0512/151541.280:WARNING:pe_image_reader.cc(281)] could not read dos header from C:\WINDOWS\SYSTEM32\EasyHk32.dll
[0512/151541.280:ERROR:process_reader_win.cc(233)] ReadMemory at 0x10000000 of 64 bytes failed: 仅完成部分的 ReadProcessMemory 或 WriteProcessMemory 请求。 (0x12B)
[0512/151541.280:WARNING:pe_image_reader.cc(281)] could not read dos header from C:\Program Files\MacType\MacType.dll
[0512/151541.280:ERROR:process_reader_win.cc(233)] ReadMemory at 0x72090000 of 64 bytes failed: 仅完成部分的 ReadProcessMemory 或 WriteProcessMemory 请求。 (0x12B)
[0512/151541.280:WARNING:pe_image_reader.cc(281)] could not read dos header from C:\WINDOWS\WinSxS\x86_microsoft.windows.common-controls_6595b64144ccf1df_6.0.14393.953_none_89c2555adb023171\COMCTL32.dll
[0512/151541.280:ERROR:process_reader_win.cc(233)] ReadMemory at 0x74650000 of 64 bytes failed: 仅完成部分的 ReadProcessMemory 或 WriteProcessMemory 请求。 (0x12B)
[0512/151541.280:WARNING:pe_image_reader.cc(281)] could not read dos header from C:\WINDOWS\System32\COMDLG32.dll
[0512/151541.280:ERROR:process_reader_win.cc(233)] ReadMemory at 0x70d50000 of 64 bytes failed: 仅完成部分的 ReadProcessMemory 或 WriteProcessMemory 请求。 (0x12B)
[0512/151541.280:WARNING:pe_image_reader.cc(281)] could not read dos header from C:\WINDOWS\SYSTEM32\dbghelp.dll
[0512/151541.280:ERROR:process_reader_win.cc(233)] ReadMemory at 0x6d4c0000 of 64 bytes failed: 仅完成部分的 ReadProcessMemory 或 WriteProcessMemory 请求。 (0x12B)
[0512/151541.280:WARNING:pe_image_reader.cc(281)] could not read dos header from C:\WINDOWS\SYSTEM32\USP10.dll
[0512/151541.280:ERROR:process_reader_win.cc(233)] ReadMemory at 0x743d0000 of 64 bytes failed: 仅完成部分的 ReadProcessMemory 或 WriteProcessMemory 请求。 (0x12B)
[0512/151541.280:WARNING:pe_image_reader.cc(281)] could not read dos header from C:\WINDOWS\SYSTEM32\IPHLPAPI.DLL
[0512/151541.280:ERROR:process_reader_win.cc(233)] ReadMemory at 0x740b0000 of 64 bytes failed: 仅完成部分的 ReadProcessMemory 或 WriteProcessMemory 请求。 (0x12B)
[0512/151541.280:WARNING:pe_image_reader.cc(281)] could not read dos header from C:\WINDOWS\SYSTEM32\Secur32.dll
[0512/151541.280:ERROR:process_reader_win.cc(233)] ReadMemory at 0x64b20000 of 64 bytes failed: 仅完成部分的 ReadProcessMemory 或 WriteProcessMemory 请求。 (0x12B)
[0512/151541.280:WARNING:pe_image_reader.cc(281)] could not read dos header from C:\WINDOWS\SYSTEM32\DWrite.dll
[0512/151541.280:ERROR:process_reader_win.cc(233)] ReadMemory at 0x5da00000 of 64 bytes failed: 仅完成部分的 ReadProcessMemory 或 WriteProcessMemory 请求。 (0x12B)
[0512/151541.280:WARNING:pe_image_reader.cc(281)] could not read dos header from C:\WINDOWS\SYSTEM32\FONTSUB.dll
[0512/151541.280:ERROR:process_reader_win.cc(233)] ReadMemory at 0x74640000 of 64 bytes failed: 仅完成部分的 ReadProcessMemory 或 WriteProcessMemory 请求。 (0x12B)
[0512/151541.280:WARNING:pe_image_reader.cc(281)] could not read dos header from C:\WINDOWS\System32\MSASN1.dll
[0512/151541.280:ERROR:process_reader_win.cc(233)] ReadMemory at 0x76310000 of 64 bytes failed: 仅完成部分的 ReadProcessMemory 或 WriteProcessMemory 请求。 (0x12B)
[0512/151541.280:WARNING:pe_image_reader.cc(281)] could not read dos header from C:\WINDOWS\System32\CRYPT32.dll
[0512/151541.280:ERROR:process_reader_win.cc(233)] ReadMemory at 0x74ef0000 of 64 bytes failed: 仅完成部分的 ReadProcessMemory 或 WriteProcessMemory 请求。 (0x12B)
[0512/151541.280:WARNING:pe_image_reader.cc(281)] could not read dos header from C:\WINDOWS\System32\WINTRUST.dll
[0512/151541.280:ERROR:process_reader_win.cc(233)] ReadMemory at 0x5dd0000 of 64 bytes failed: 仅完成部分的 ReadProcessMemory 或 WriteProcessMemory 请求。 (0x12B)
[0512/151541.280:WARNING:pe_image_reader.cc(281)] could not read dos header from C:\Program Files (x86)\Google\Chrome\Application\57.0.2987.133\chrome_child.dll
[0512/151541.296:ERROR:process_reader_win.cc(233)] ReadMemory at 0x4efb000 of 20480 bytes failed: 仅完成部分的 ReadProcessMemory 或 WriteProcessMemory 请求。 (0x12B)
[0512/151541.296:ERROR:crash_report_exception_handler.cc(111)] WriteEverything failed
[0512/151541.297:ERROR:scoped_process_suspend.cc(38)] NtResumeProcess: 已尝试访问正在退出的过程。  (0xc000010a)
